make --dry-run --always-make --keep-going --print-directory
make: Entering directory '/home/vscode/src/Cursus/minishell'
gcc -fcommon -Wall -Werror -Wextra -g3   -c -o src/builtins/env.o src/builtins/env.c
gcc -fcommon -Wall -Werror -Wextra -g3   -c -o src/builtins/echo.o src/builtins/echo.c
gcc -fcommon -Wall -Werror -Wextra -g3   -c -o src/builtins/pwd.o src/builtins/pwd.c
gcc -fcommon -Wall -Werror -Wextra -g3   -c -o src/execution/exec.o src/execution/exec.c
make -C libft
 
make[1]: Entering directory '/home/vscode/src/Cursus/minishell/libft'
gcc -c -Wall -Wextra -Werror -I.   -c -o ft_memset.o ft_memset.c
gcc -c -Wall -Wextra -Werror -I.   -c -o ft_bzero.o ft_bzero.c
gcc -c -Wall -Wextra -Werror -I.   -c -o ft_memcpy.o ft_memcpy.c
gcc -c -Wall -Wextra -Werror -I.   -c -o ft_memmove.o ft_memmove.c
gcc -c -Wall -Wextra -Werror -I.   -c -o ft_memchr.o ft_memchr.c
gcc -c -Wall -Wextra -Werror -I.   -c -o ft_memcmp.o ft_memcmp.c
gcc -c -Wall -Wextra -Werror -I.   -c -o ft_strlen.o ft_strlen.c
gcc -c -Wall -Wextra -Werror -I.   -c -o ft_isalpha.o ft_isalpha.c
gcc -c -Wall -Wextra -Werror -I.   -c -o ft_isdigit.o ft_isdigit.c
gcc -c -Wall -Wextra -Werror -I.   -c -o ft_isalnum.o ft_isalnum.c
gcc -c -Wall -Wextra -Werror -I.   -c -o ft_isascii.o ft_isascii.c
gcc -c -Wall -Wextra -Werror -I.   -c -o ft_isprint.o ft_isprint.c
gcc -c -Wall -Wextra -Werror -I.   -c -o ft_toupper.o ft_toupper.c
gcc -c -Wall -Wextra -Werror -I.   -c -o ft_tolower.o ft_tolower.c
gcc -c -Wall -Wextra -Werror -I.   -c -o ft_strchr.o ft_strchr.c
gcc -c -Wall -Wextra -Werror -I.   -c -o ft_strrchr.o ft_strrchr.c
gcc -c -Wall -Wextra -Werror -I.   -c -o ft_strncmp.o ft_strncmp.c
gcc -c -Wall -Wextra -Werror -I.   -c -o ft_strlcpy.o ft_strlcpy.c
gcc -c -Wall -Wextra -Werror -I.   -c -o ft_strlcat.o ft_strlcat.c
gcc -c -Wall -Wextra -Werror -I.   -c -o ft_strnstr.o ft_strnstr.c
gcc -c -Wall -Wextra -Werror -I.   -c -o ft_atoi.o ft_atoi.c
gcc -c -Wall -Wextra -Werror -I.   -c -o ft_calloc.o ft_calloc.c
gcc -c -Wall -Wextra -Werror -I.   -c -o ft_strdup.o ft_strdup.c
gcc -c -Wall -Wextra -Werror -I.   -c -o ft_substr.o ft_substr.c
gcc -c -Wall -Wextra -Werror -I.   -c -o ft_strjoin.o ft_strjoin.c
gcc -c -Wall -Wextra -Werror -I.   -c -o ft_strtrim.o ft_strtrim.c
gcc -c -Wall -Wextra -Werror -I.   -c -o ft_split.o ft_split.c
gcc -c -Wall -Wextra -Werror -I.   -c -o ft_itoa.o ft_itoa.c
gcc -c -Wall -Wextra -Werror -I.   -c -o ft_strmapi.o ft_strmapi.c
gcc -c -Wall -Wextra -Werror -I.   -c -o ft_putchar_fd.o ft_putchar_fd.c
gcc -c -Wall -Wextra -Werror -I.   -c -o ft_putstr_fd.o ft_putstr_fd.c
gcc -c -Wall -Wextra -Werror -I.   -c -o ft_putendl_fd.o ft_putendl_fd.c
gcc -c -Wall -Wextra -Werror -I.   -c -o ft_putnbr_fd.o ft_putnbr_fd.c
gcc -c -Wall -Wextra -Werror -I.   -c -o ft_striteri.o ft_striteri.c
gcc -c -Wall -Wextra -Werror -I.   -c -o ft_checkdup.o ft_checkdup.c
gcc -c -Wall -Wextra -Werror -I.   -c -o ft_strcmp.o ft_strcmp.c
gcc -c -Wall -Wextra -Werror -I.   -c -o ft_split_wc.o ft_split_wc.c
gcc -c -Wall -Wextra -Werror -I.   -c -o ft_isnum.o ft_isnum.c
gcc -c -Wall -Wextra -Werror -I.   -c -o ft_isint.o ft_isint.c
ar rcs libft.a ft_memset.o ft_bzero.o ft_memcpy.o ft_memmove.o ft_memchr.o ft_memcmp.o ft_strlen.o ft_isalpha.o ft_isdigit.o ft_isalnum.o ft_isascii.o ft_isprint.o ft_toupper.o ft_tolower.o ft_strchr.o ft_strrchr.o ft_strncmp.o ft_strlcpy.o ft_strlcat.o ft_strnstr.o ft_atoi.o ft_calloc.o ft_strdup.o ft_substr.o ft_strjoin.o ft_strtrim.o ft_split.o ft_itoa.o ft_strmapi.o ft_putchar_fd.o ft_putstr_fd.o ft_putendl_fd.o ft_putnbr_fd.o ft_striteri.o ft_checkdup.o ft_strcmp.o ft_split_wc.o ft_isnum.o ft_isint.o
make[1]: Leaving directory '/home/vscode/src/Cursus/minishell/libft'
echo "Make libft successful"
mv libft/libft.a libft.a
gcc -fcommon -Wall -Werror -Wextra -g3 ./src/builtins/env.c ./src/builtins/echo.c ./src/builtins/pwd.c ./src/execution/exec.c libft.a -I./includes -o minishell
make: Leaving directory '/home/vscode/src/Cursus/minishell'
 
