make all --print-data-base --no-builtin-variables --no-builtin-rules --question
# GNU Make 4.3
# Built for aarch64-unknown-linux-gnu
# Copyright (C) 1988-2020 Free Software Foundation, Inc.
# License GPLv3+: GNU GPL version 3 or later <http://gnu.org/licenses/gpl.html>
# This is free software: you are free to change and redistribute it.
# There is NO WARRANTY, to the extent permitted by law.

# Make data base, printed on Wed Aug 24 00:05:32 2022

# Variables

# environment
REMOTE_CONTAINERS_SOCKETS = ["/tmp/vscode-ssh-auth-1027d0b2bc4b0e03a04f1c9992cb5f2bff1b9309.sock"]
# environment
LC_ALL = C
# makefile (from 'Makefile', line 19)
SRC = builtins/env.c builtins/echo.c builtins/pwd.c builtins/cd.c builtins/exit.c builtins/utils.c execution/exec.c main.c history/history.c redirection/redirection.c redirection/redirection_in.c redirection/get_next_line.c redirection/get_next_line_utils.c signals/signals.c pipe/pipe.c
# environment
VSCODE_CWD = /root/.vscode-server/bin/e4503b30fc78200f846c62cf8091b76ff5547662
# environment
APT_KEY_DONT_WARN_ON_DANGEROUS_USAGE = DontWarn
# default
MAKE_COMMAND := make
# environment
VSCODE_HANDLES_SIGPIPE = true
# automatic
@D = $(patsubst %/,%,$(dir $@))
# environment
VSCODE_HANDLES_UNCAUGHT_ERRORS = true
# default
.VARIABLES := 
# environment
PWD = /home/vscode/src/minishell
# automatic
%D = $(patsubst %/,%,$(dir $%))
# environment
HOSTNAME = d9681e6eea55
# automatic
^D = $(patsubst %/,%,$(dir $^))
# automatic
%F = $(notdir $%)
# environment
LANG = C
# default
.LOADED := 
# default
.INCLUDE_DIRS = /usr/local/include /usr/include /usr/include
# makefile
MAKEFLAGS = pqrR
# makefile
CURDIR := /home/vscode/src/minishell
# environment
APPLICATION_INSIGHTS_NO_DIAGNOSTIC_CHANNEL = true
# automatic
*D = $(patsubst %/,%,$(dir $*))
# environment
MFLAGS = -pqrR
# environment
SSH_AUTH_SOCK = /tmp/vscode-ssh-auth-1027d0b2bc4b0e03a04f1c9992cb5f2bff1b9309.sock
# default
.SHELLFLAGS := -c
# automatic
+D = $(patsubst %/,%,$(dir $+))
# makefile (from 'Makefile', line 1)
MAKEFILE_LIST := Makefile
# automatic
@F = $(notdir $@)
# automatic
?D = $(patsubst %/,%,$(dir $?))
# makefile (from 'Makefile', line 15)
INCLUDES = ./includes
# automatic
*F = $(notdir $*)
# automatic
<D = $(patsubst %/,%,$(dir $<))
# environment
VSCODE_NLS_CONFIG = {"locale":"en","availableLanguages":{}}
# environment
ENVIRONMENT = DEBUG
# default
MAKE_HOST := aarch64-unknown-linux-gnu
# makefile (from 'Makefile', line 35)
OBJS = $(addprefix $(DIR_S),$(SRC:.c=.o))
# makefile
SHELL = /bin/sh
# default
MAKECMDGOALS := all
# environment
SHLVL = 1
# environment
MAKELEVEL := 0
# default
MAKE = $(MAKE_COMMAND)
# environment
PATH = /usr/local/sbin:/usr/local/bin:/usr/sbin:/usr/bin:/sbin:/bin
# default
MAKEFILES := 
# automatic
^F = $(notdir $^)
# makefile (from 'Makefile', line 17)
DIR_S = ./src/
# environment
REMOTE_CONTAINERS_IPC = /tmp/vscode-remote-containers-ipc-1027d0b2bc4b0e03a04f1c9992cb5f2bff1b9309.sock
# makefile (from 'Makefile', line 38)
exec_prefix = ${prefix}
# environment
REMOTE_CONTAINERS = true
# automatic
?F = $(notdir $?)
# makefile (from 'Makefile', line 13)
NAME = minishell
# automatic
+F = $(notdir $+)
# makefile (from 'Makefile', line 40)
includedir = ${prefix}/include
# 'override' directive
GNUMAKEFLAGS := 
# environment
BROWSER = /root/.vscode-server/bin/e4503b30fc78200f846c62cf8091b76ff5547662/bin/helpers/browser.sh
# makefile
.DEFAULT_GOAL := all
# environment
PYTHONDONTWRITEBYTECODE = 0
# environment
PYTHONUNBUFFERED = 0
# environment
USER = dfurneau
# default
MAKE_VERSION := 4.3
# makefile (from 'Makefile', line 43)
LDFLAGS = -lreadline -L${libdir}
# environment
VSCODE_AGENT_FOLDER = /root/.vscode-server
# environment
_ = /bin/cat
# makefile (from 'Makefile', line 42)
CFLAGS = -Wall -Wextra -Werror -g3 -I${includedir}
# environment
VSCODE_IPC_HOOK_CLI = /tmp/vscode-ipc-fa802105-f69a-48a9-8fc0-323f63b40e58.sock
# environment
DEBIAN_FRONTEND = dialog
# environment
VSCODE_AMD_ENTRYPOINT = vs/workbench/api/node/extensionHostProcess
# environment
HOME = /root
# environment
ELECTRON_RUN_AS_NODE = 1
# default
.RECIPEPREFIX := 
# automatic
<F = $(notdir $<)
# default
SUFFIXES := 
# makefile (from 'Makefile', line 39)
libdir = ${exec_prefix}/lib
# default
.FEATURES := target-specific order-only second-expansion else-if shortest-stem undefine oneshell nocomment grouped-target extra-prereqs archives jobserver output-sync check-symlink load
# makefile (from 'Makefile', line 46)
CC = gcc -fcommon
# variable set hash-table stats:
# Load=74/1024=7%, Rehash=0, Collisions=5/114=4%

# Pattern-specific Variable Values

# No pattern-specific variable values.

# Directories

# . (device 63, inode 22037558): 21 files, no impossibilities.

# 21 files, no impossibilities in 1 directories.

# Implicit Rules

# No implicit rules.

# Files

# Not a target:
src/builtins/utils.o:
#  Implicit rule search has not been done.
#  Modification time never checked.
#  File has not been updated.

# Not a target:
src/execution/exec.o:
#  Implicit rule search has not been done.
#  Modification time never checked.
#  File has not been updated.

# Not a target:
src/builtins/pwd.o:
#  Implicit rule search has not been done.
#  Modification time never checked.
#  File has not been updated.

libft.a:
#  Phony target (prerequisite of .PHONY).
#  Implicit rule search has not been done.
#  File does not exist.
#  File has not been updated.
#  recipe to execute (from 'Makefile', line 61):
		@echo "Compiling LIBFT Files..."
		@$(MAKE) -C libft -s
		@clear
		@mv libft/libft.a libft.a

# Not a target:
src/redirection/get_next_line_utils.o:
#  Implicit rule search has not been done.
#  Modification time never checked.
#  File has not been updated.

parser.a:
#  Implicit rule search has not been done.
#  Modification time never checked.
#  File has not been updated.
#  recipe to execute (from 'Makefile', line 67):
		@echo "Compiling PARSER Files..."
		@$(MAKE) -C src/parser -s
		@clear
		@mv src/parser/parser parser

minishell: .printing_obj src/builtins/env.o src/builtins/echo.o src/builtins/pwd.o src/builtins/cd.o src/builtins/exit.o src/builtins/utils.o src/execution/exec.o src/main.o src/history/history.o src/redirection/redirection.o src/redirection/redirection_in.o src/redirection/get_next_line.o src/redirection/get_next_line_utils.o src/signals/signals.o src/pipe/pipe.o libft.a parser.a .clear
#  Implicit rule search has not been done.
#  Last modified 2022-08-24 00:01:32.567463366
#  File has been updated.
#  Needs to be updated (-q is set).
# variable set hash-table stats:
# Load=0/32=0%, Rehash=0, Collisions=0/3=0%
#  recipe to execute (from 'Makefile', line 51):
		@$(CC) $(CFLAGS) $(OBJS) libft.a parser -I$(INCLUDES) $(LDFLAGS) -o $(NAME)
		@echo "Compilation Successful!"

parser:
#  Phony target (prerequisite of .PHONY).
#  Implicit rule search has not been done.
#  File does not exist.
#  File has not been updated.

# Not a target:
Makefile:
#  Implicit rule search has been done.
#  Last modified 2022-08-24 00:05:30.895946606
#  File has been updated.
#  Successfully updated.

# Not a target:
src/pipe/pipe.o:
#  Implicit rule search has not been done.
#  Modification time never checked.
#  File has not been updated.

# Not a target:
src/builtins/cd.o:
#  Implicit rule search has not been done.
#  Modification time never checked.
#  File has not been updated.

# Not a target:
src/redirection/get_next_line.o:
#  Implicit rule search has not been done.
#  Modification time never checked.
#  File has not been updated.

# Not a target:
src/redirection/redirection_in.o:
#  Implicit rule search has not been done.
#  Modification time never checked.
#  File has not been updated.

clean:
#  Phony target (prerequisite of .PHONY).
#  Implicit rule search has not been done.
#  File does not exist.
#  File has not been updated.
#  recipe to execute (from 'Makefile', line 76):
		@make clean -C src/parser -s
 
		@rm -f $(OBJS)

# Not a target:
src/signals/signals.o:
#  Implicit rule search has not been done.
#  Modification time never checked.
#  File has not been updated.

# Not a target:
src/redirection/redirection.o:
#  Implicit rule search has not been done.
#  Modification time never checked.
#  File has not been updated.

re: fclean all
#  Phony target (prerequisite of .PHONY).
#  Implicit rule search has not been done.
#  File does not exist.
#  File has not been updated.

# Not a target:
src/main.o:
#  Implicit rule search has not been done.
#  Modification time never checked.
#  File has not been updated.

# Not a target:
.DEFAULT:
#  Implicit rule search has not been done.
#  Modification time never checked.
#  File has not been updated.

all: minishell minishell
#  Phony target (prerequisite of .PHONY).
#  Command line target.
#  Implicit rule search has not been done.
#  File does not exist.
#  File has been updated.
#  Needs to be updated (-q is set).
# variable set hash-table stats:
# Load=0/32=0%, Rehash=0, Collisions=0/3=0%

fclean: clean
#  Phony target (prerequisite of .PHONY).
#  Implicit rule search has not been done.
#  File does not exist.
#  File has not been updated.
#  recipe to execute (from 'Makefile', line 80):
		@$(MAKE) fclean -C libft -s
		@make fclean -C src/parser -s
		@rm -f $(NAME)
		@if [ -f src/history/.history ]; then rm src/history/.history; fi

# Not a target:
src/builtins/exit.o:
#  Implicit rule search has not been done.
#  Modification time never checked.
#  File has not been updated.

# Not a target:
src/history/history.o:
#  Implicit rule search has not been done.
#  Modification time never checked.
#  File has not been updated.

.printing_obj:
#  Implicit rule search has not been done.
#  Implicit/static pattern stem: ''
#  File does not exist.
#  File has been updated.
#  Needs to be updated (-q is set).
# automatic
# @ := .printing_obj
# automatic
# * := 
# automatic
# < := 
# automatic
# + := 
# automatic
# % := 
# automatic
# ^ := 
# automatic
# ? := 
# automatic
# | := 
# variable set hash-table stats:
# Load=8/32=25%, Rehash=0, Collisions=1/11=9%
#  recipe to execute (from 'Makefile', line 55):
			@echo "Compiling OBJECT Files..."

# Not a target:
src/builtins/env.o:
#  Implicit rule search has not been done.
#  Modification time never checked.
#  File has not been updated.

.clear:
#  Implicit rule search has not been done.
#  Modification time never checked.
#  File has not been updated.
#  recipe to execute (from 'Makefile', line 58):
			@clear

# Not a target:
src/builtins/echo.o:
#  Implicit rule search has not been done.
#  Modification time never checked.
#  File has not been updated.

# Not a target:
.SUFFIXES:
#  Implicit rule search has not been done.
#  Modification time never checked.
#  File has not been updated.

.PHONY: all re clean fclean libft.a parser
#  Implicit rule search has not been done.
#  Modification time never checked.
#  File has not been updated.

# files hash-table stats:
# Load=29/1024=3%, Rehash=0, Collisions=0/77=0%
# VPATH Search Paths

# No 'vpath' search paths.

# No general ('VPATH' variable) search path.

# strcache buffers: 1 (0) / strings = 48 / storage = 596 B / avg = 12 B
# current buf: size = 8162 B / used = 596 B / count = 48 / avg = 12 B

# strcache performance: lookups = 83 / hit rate = 42%
# hash-table stats:
# Load=48/8192=1%, Rehash=0, Collisions=0/83=0%
# Finished Make data base on Wed Aug 24 00:05:32 2022

 
